Build started 20.08.2015 13:07:09.
     1>Project "C:\Users\xxvs0026\Documents\Visual Studio 2012\Projects\bankingSystem\bankingSystem\bankingSystem.vcxproj" on node 2 (Build target(s)).
     1>ClCompile:
         C:\Program Files (x86)\Microsoft Visual Studio 11.0\VC\bin\CL.exe /c /ZI /nologo /W3 /WX- /sdl /Od /Oy- /D WIN32 /D _DEBUG /D _CONSOLE /D _UNICODE /D UNICODE /Gm /EHsc /RTC1 /MDd /GS /fp:precise /Zc:wchar_t /Zc:forScope /Yu"stdafx.h" /Fp"Debug\bankingSystem.pch" /Fo"Debug\\" /Fd"Debug\vc110.pdb" /Gd /TP /analyze- /errorReport:prompt Account.cpp bankingSystem.cpp functions.cpp
         functions.cpp
     1>c:\users\xxvs0026\documents\visual studio 2012\projects\bankingsystem\bankingsystem\functions.cpp(12): fatal error C1083: Cannot open include file: 'openssl/sha.h': No such file or directory
         bankingSystem.cpp
         Account.cpp
         Generating Code...
     1>Done Building Project "C:\Users\xxvs0026\Documents\Visual Studio 2012\Projects\bankingSystem\bankingSystem\bankingSystem.vcxproj" (Build target(s)) -- FAILED.

Build FAILED.

Time Elapsed 00:00:02.77
